[debug] [2017-08-02T10:56:50.997Z] ----------------------------------------------------------------------
[debug] [2017-08-02T10:56:51.000Z] Command:      /home/leonardovff/.nvm/versions/node/v6.10.3/bin/node /home/leonardovff/.nvm/versions/node/v6.10.3/bin/firebase init
[debug] [2017-08-02T10:56:51.001Z] CLI Version:  3.9.1
[debug] [2017-08-02T10:56:51.001Z] Platform:     linux
[debug] [2017-08-02T10:56:51.001Z] Node Version: v6.10.3
[debug] [2017-08-02T10:56:51.001Z] Time:         Wed Aug 02 2017 07:56:51 GMT-0300 (BRT)
[debug] [2017-08-02T10:56:51.001Z] ----------------------------------------------------------------------
[debug] 
[debug] [2017-08-02T10:56:51.013Z] > command requires scopes: ["email","openid","https://www.googleapis.com/auth/cloudplatformprojects.readonly","https://www.googleapis.com/auth/firebase"]
[debug] [2017-08-02T10:56:51.013Z] > authorizing via signed-in user
[info] 
     ######## #### ########  ######## ########     ###     ######  ########
     ##        ##  ##     ## ##       ##     ##  ##   ##  ##       ##
     ######    ##  ########  ######   ########  #########  ######  ######
     ##        ##  ##    ##  ##       ##     ## ##     ##       ## ##
     ##       #### ##     ## ######## ########  ##     ##  ######  ########

You're about to initialize a Firebase project in this directory:

  /home/leonardovff/dev/todolist

Before we get started, keep in mind:

  * You are initializing in an existing Firebase project directory

[info] 
=== Project Setup
[info] 
[info] First, let's associate this project directory with a Firebase project.
[info] You can create multiple project aliases by running firebase use --add, 
[info] but for now we'll just set up a default project.
[info] 
[debug] [2017-08-02T10:56:55.987Z] > refreshing access token with scopes: ["email","https://www.googleapis.com/auth/cloudplatformprojects.readonly","https://www.googleapis.com/auth/firebase","openid"]
[debug] [2017-08-02T10:56:55.988Z] >>> HTTP REQUEST POST https://www.googleapis.com/oauth2/v3/token { refresh_token: '1/z1vkctA2E9MDq20YSkCK4eL3txDBE0Qpqnb_4Vp3Gko',
  client_id: '563584335869-fgrhgmd47bqnekij5i8b5pr03ho849e6.apps.googleusercontent.com',
  client_secret: 'j9iVZfS8kkCEFUPaAeJV0sAi',
  grant_type: 'refresh_token',
  scope: 'email https://www.googleapis.com/auth/cloudplatformprojects.readonly https://www.googleapis.com/auth/firebase openid' } 
 Wed Aug 02 2017 07:56:55 GMT-0300 (BRT)
[debug] [2017-08-02T10:56:56.484Z] <<< HTTP RESPONSE 200
[debug] [2017-08-02T10:56:56.494Z] >>> HTTP REQUEST GET https://admin.firebase.com/v1/projects  
 Wed Aug 02 2017 07:56:56 GMT-0300 (BRT)
[debug] [2017-08-02T10:56:58.115Z] <<< HTTP RESPONSE 200
[info] i  .firebaserc already has a default project, skipping
[info] 
=== Functions Setup
[info] 
[info] A functions directory will be created in your project with a Node.js
[info] package pre-configured. Functions can be deployed with firebase deploy.
[info] 
[debug] [2017-08-02T10:56:58.118Z] > command requires scopes: ["email","openid","https://www.googleapis.com/auth/cloudplatformprojects.readonly","https://www.googleapis.com/auth/firebase","https://www.googleapis.com/auth/cloud-platform"]
[debug] [2017-08-02T10:56:58.118Z] > authorizing via signed-in user
[debug] [2017-08-02T10:56:58.119Z] > refreshing access token with scopes: ["email","https://www.googleapis.com/auth/cloud-platform","https://www.googleapis.com/auth/cloudplatformprojects.readonly","https://www.googleapis.com/auth/firebase","openid"]
[debug] [2017-08-02T10:56:58.119Z] >>> HTTP REQUEST POST https://www.googleapis.com/oauth2/v3/token { refresh_token: '1/z1vkctA2E9MDq20YSkCK4eL3txDBE0Qpqnb_4Vp3Gko',
  client_id: '563584335869-fgrhgmd47bqnekij5i8b5pr03ho849e6.apps.googleusercontent.com',
  client_secret: 'j9iVZfS8kkCEFUPaAeJV0sAi',
  grant_type: 'refresh_token',
  scope: 'email https://www.googleapis.com/auth/cloud-platform https://www.googleapis.com/auth/cloudplatformprojects.readonly https://www.googleapis.com/auth/firebase openid' } 
 Wed Aug 02 2017 07:56:58 GMT-0300 (BRT)
[debug] [2017-08-02T10:56:58.506Z] <<< HTTP RESPONSE 200
[debug] [2017-08-02T10:56:58.514Z] >>> HTTP REQUEST GET https://admin.firebase.com/v1/projects/todo-list-b8b8f  
 Wed Aug 02 2017 07:56:58 GMT-0300 (BRT)
[debug] [2017-08-02T10:56:59.583Z] <<< HTTP RESPONSE 200
[debug] [2017-08-02T10:56:59.585Z] >>> HTTP REQUEST GET https://admin.firebase.com/v1/database/todo-list-b8b8f/tokens  
 Wed Aug 02 2017 07:56:59 GMT-0300 (BRT)
[debug] [2017-08-02T10:57:00.602Z] <<< HTTP RESPONSE 200
[debug] [2017-08-02T10:57:00.604Z] >>> HTTP REQUEST PATCH https://servicemanagement.googleapis.com/v1/services/cloudfunctions.googleapis.com/projectSettings/todo-list-b8b8f?updateMask=usageSettings { usageSettings: { consumerEnableStatus: 'ENABLED' } } 
 Wed Aug 02 2017 07:57:00 GMT-0300 (BRT)
[debug] [2017-08-02T10:57:00.605Z] >>> HTTP REQUEST PATCH https://servicemanagement.googleapis.com/v1/services/runtimeconfig.googleapis.com/projectSettings/todo-list-b8b8f?updateMask=usageSettings { usageSettings: { consumerEnableStatus: 'ENABLED' } } 
 Wed Aug 02 2017 07:57:00 GMT-0300 (BRT)
[info] ✔  Wrote functions/package.json
[info] ✔  Wrote functions/index.js
[debug] [2017-08-02T10:57:03.124Z] <<< HTTP RESPONSE 200
[debug] [2017-08-02T10:57:03.136Z] <<< HTTP RESPONSE 200
